{
  "RSpec": {
    "coverage": {
      "/Users/ljuti/Code/projects/finitec/reissari/rails/webhook_event/app/controllers/webhook_event/webhook_controller.rb": [
        1,
        1,
        1,
        0,
        null,
        null,
        1,
        6,
        1,
        null,
        5,
        5,
        null,
        0,
        null,
        null,
        1,
        null,
        1,
        6,
        6,
        6,
        null,
        4,
        null,
        4,
        null,
        3,
        0,
        null,
        null,
        null,
        null,
        1,
        6,
        2,
        null,
        null,
        null,
        null,
        null,
        1,
        5,
        391,
        null,
        null,
        null,
        null
      ],
      "/Users/ljuti/Code/projects/finitec/reissari/rails/webhook_event/spec/lib/webhook_event_spec.rb": [
        1,
        null,
        1,
        7,
        21,
        3,
        5,
        5,
        null,
        1,
        1,
        1,
        2,
        1,
        null,
        null,
        1,
        2,
        null,
        null,
        null,
        1,
        1,
        1,
        1,
        1,
        1,
        1,
        null,
        null,
        null,
        1,
        1,
        1,
        1,
        1,
        null,
        null,
        null,
        null,
        1,
        1,
        1,
        1,
        null,
        1,
        1,
        null,
        1,
        null,
        null,
        null,
        1,
        1,
        1,
        null,
        1,
        1,
        null,
        1,
        null,
        null,
        null,
        null,
        1,
        1,
        1,
        1,
        null,
        1,
        1,
        null,
        1,
        null,
        null,
        null,
        1,
        1,
        1,
        null,
        1,
        1,
        null,
        1,
        null,
        null,
        null,
        null,
        null,
        1,
        1,
        1,
        null,
        1,
        1,
        null,
        null,
        1,
        1,
        null,
        1,
        1,
        null,
        null,
        1,
        1,
        null,
        1,
        1,
        null,
        null,
        null,
        1,
        2,
        null,
        1,
        1,
        null,
        1,
        null,
        null,
        null,
        1,
        5,
        null,
        1,
        1,
        1,
        null,
        null,
        1,
        1,
        null,
        null,
        null,
        1,
        1,
        1,
        null,
        null,
        1,
        1,
        null,
        null,
        null,
        null
      ]
    },
    "timestamp": 1668633344
  }
}
